CRITICAL - 2024-07-19 17:20:20 --> ErrorException: Undefined variable $data
[Method: GET, Route: /]
in APPPATH/Views/index.php on line 17.
 1 APPPATH/Views/index.php(17): CodeIgniter\Debug\Exceptions->errorHandler()
 2 SYSTEMPATH/View/View.php(234): include('/home/aluno/Downloads/codeigniter4-framework-be27314/app/Views/index.php')
 3 SYSTEMPATH/View/View.php(237): CodeIgniter\View\View->CodeIgniter\View\{closure}()
 4 SYSTEMPATH/Common.php(1171): CodeIgniter\View\View->render()
 5 APPPATH/Controllers/Home.php(9): view()
 6 SYSTEMPATH/CodeIgniter.php(933): App\Controllers\Home->index()
 7 SYSTEMPATH/CodeIgniter.php(509): CodeIgniter\CodeIgniter->runController()
 8 SYSTEMPATH/CodeIgniter.php(355): CodeIgniter\CodeIgniter->handleRequest()
 9 SYSTEMPATH/Boot.php(325): CodeIgniter\CodeIgniter->run()
10 SYSTEMPATH/Boot.php(67): CodeIgniter\Boot::runCodeIgniter()
11 FCPATH/index.php(56): CodeIgniter\Boot::bootWeb()
12 SYSTEMPATH/rewrite.php(44): require_once('/home/aluno/Downloads/codeigniter4-framework-be27314/public/index.php')
CRITICAL - 2024-07-19 17:41:40 --> CodeIgniter\View\Exceptions\ViewException: Invalid file: "registrarForm.php"
[Method: GET, Route: registrarForm]
in SYSTEMPATH/Exceptions/FrameworkException.php on line 41.
 1 SYSTEMPATH/View/View.php(222): CodeIgniter\Exceptions\FrameworkException::forInvalidFile()
 2 SYSTEMPATH/Common.php(1171): CodeIgniter\View\View->render()
 3 APPPATH/Controllers/Home.php(14): view()
 4 SYSTEMPATH/CodeIgniter.php(933): App\Controllers\Home->registrarForm()
 5 SYSTEMPATH/CodeIgniter.php(509): CodeIgniter\CodeIgniter->runController()
 6 SYSTEMPATH/CodeIgniter.php(355): CodeIgniter\CodeIgniter->handleRequest()
 7 SYSTEMPATH/Boot.php(325): CodeIgniter\CodeIgniter->run()
 8 SYSTEMPATH/Boot.php(67): CodeIgniter\Boot::runCodeIgniter()
 9 FCPATH/index.php(56): CodeIgniter\Boot::bootWeb()
10 SYSTEMPATH/rewrite.php(44): require_once('/home/aluno/Downloads/codeigniter4-framework-be27314/public/index.php')
CRITICAL - 2024-07-19 17:44:24 --> Error: Class "App\Controllers\AutomoveisModel" not found
[Method: POST, Route: recebaDados]
in APPPATH/Controllers/Home.php on line 25.
 1 SYSTEMPATH/CodeIgniter.php(933): App\Controllers\Home->recebaDados()
 2 SYSTEMPATH/CodeIgniter.php(509): CodeIgniter\CodeIgniter->runController()
 3 SYSTEMPATH/CodeIgniter.php(355): CodeIgniter\CodeIgniter->handleRequest()
 4 SYSTEMPATH/Boot.php(325): CodeIgniter\CodeIgniter->run()
 5 SYSTEMPATH/Boot.php(67): CodeIgniter\Boot::runCodeIgniter()
 6 FCPATH/index.php(56): CodeIgniter\Boot::bootWeb()
 7 SYSTEMPATH/rewrite.php(44): require_once('/home/aluno/Downloads/codeigniter4-framework-be27314/public/index.php')
ERROR - 2024-07-19 17:45:30 --> mysqli_sql_exception: Table 'farmacia.farmacia' doesn't exist in /home/aluno/Downloads/codeigniter4-framework-be27314/system/Database/MySQLi/Connection.php:312
Stack trace:
#0 /home/aluno/Downloads/codeigniter4-framework-be27314/system/Database/MySQLi/Connection.php(312): mysqli->query()
#1 /home/aluno/Downloads/codeigniter4-framework-be27314/system/Database/BaseConnection.php(734): CodeIgniter\Database\MySQLi\Connection->execute()
#2 /home/aluno/Downloads/codeigniter4-framework-be27314/system/Database/BaseConnection.php(648): CodeIgniter\Database\BaseConnection->simpleQuery()
#3 /home/aluno/Downloads/codeigniter4-framework-be27314/system/Database/BaseBuilder.php(2332): CodeIgniter\Database\BaseConnection->query()
#4 /home/aluno/Downloads/codeigniter4-framework-be27314/system/Model.php(394): CodeIgniter\Database\BaseBuilder->insert()
#5 /home/aluno/Downloads/codeigniter4-framework-be27314/system/BaseModel.php(840): CodeIgniter\Model->doInsert()
#6 /home/aluno/Downloads/codeigniter4-framework-be27314/system/Model.php(802): CodeIgniter\BaseModel->insert()
#7 /home/aluno/Downloads/codeigniter4-framework-be27314/app/Controllers/Home.php(26): CodeIgniter\Model->insert()
#8 /home/aluno/Downloads/codeigniter4-framework-be27314/system/CodeIgniter.php(933): App\Controllers\Home->recebaDados()
#9 /home/aluno/Downloads/codeigniter4-framework-be27314/system/CodeIgniter.php(509): CodeIgniter\CodeIgniter->runController()
#10 /home/aluno/Downloads/codeigniter4-framework-be27314/system/CodeIgniter.php(355): CodeIgniter\CodeIgniter->handleRequest()
#11 /home/aluno/Downloads/codeigniter4-framework-be27314/system/Boot.php(325): CodeIgniter\CodeIgniter->run()
#12 /home/aluno/Downloads/codeigniter4-framework-be27314/system/Boot.php(67): CodeIgniter\Boot::runCodeIgniter()
#13 /home/aluno/Downloads/codeigniter4-framework-be27314/public/index.php(56): CodeIgniter\Boot::bootWeb()
#14 /home/aluno/Downloads/codeigniter4-framework-be27314/system/rewrite.php(44): require_once('...')
#15 {main}
CRITICAL - 2024-07-19 17:45:30 --> CodeIgniter\Database\Exceptions\DatabaseException: Table 'farmacia.farmacia' doesn't exist
[Method: POST, Route: recebaDados]
in SYSTEMPATH/Database/BaseConnection.php on line 688.
 1 SYSTEMPATH/Database/BaseBuilder.php(2332): CodeIgniter\Database\BaseConnection->query()
 2 SYSTEMPATH/Model.php(394): CodeIgniter\Database\BaseBuilder->insert()
 3 SYSTEMPATH/BaseModel.php(840): CodeIgniter\Model->doInsert()
 4 SYSTEMPATH/Model.php(802): CodeIgniter\BaseModel->insert()
 5 APPPATH/Controllers/Home.php(26): CodeIgniter\Model->insert()
 6 SYSTEMPATH/CodeIgniter.php(933): App\Controllers\Home->recebaDados()
 7 SYSTEMPATH/CodeIgniter.php(509): CodeIgniter\CodeIgniter->runController()
 8 SYSTEMPATH/CodeIgniter.php(355): CodeIgniter\CodeIgniter->handleRequest()
 9 SYSTEMPATH/Boot.php(325): CodeIgniter\CodeIgniter->run()
10 SYSTEMPATH/Boot.php(67): CodeIgniter\Boot::runCodeIgniter()
11 FCPATH/index.php(56): CodeIgniter\Boot::bootWeb()
12 SYSTEMPATH/rewrite.php(44): require_once('/home/aluno/Downloads/codeigniter4-framework-be27314/public/index.php')
CRITICAL - 2024-07-19 17:45:30 --> [Caused by] CodeIgniter\Database\Exceptions\DatabaseException: Table 'farmacia.farmacia' doesn't exist
in SYSTEMPATH/Database/MySQLi/Connection.php on line 317.
 1 SYSTEMPATH/Database/BaseConnection.php(734): CodeIgniter\Database\MySQLi\Connection->execute()
 2 SYSTEMPATH/Database/BaseConnection.php(648): CodeIgniter\Database\BaseConnection->simpleQuery()
 3 SYSTEMPATH/Database/BaseBuilder.php(2332): CodeIgniter\Database\BaseConnection->query()
 4 SYSTEMPATH/Model.php(394): CodeIgniter\Database\BaseBuilder->insert()
 5 SYSTEMPATH/BaseModel.php(840): CodeIgniter\Model->doInsert()
 6 SYSTEMPATH/Model.php(802): CodeIgniter\BaseModel->insert()
 7 APPPATH/Controllers/Home.php(26): CodeIgniter\Model->insert()
 8 SYSTEMPATH/CodeIgniter.php(933): App\Controllers\Home->recebaDados()
 9 SYSTEMPATH/CodeIgniter.php(509): CodeIgniter\CodeIgniter->runController()
10 SYSTEMPATH/CodeIgniter.php(355): CodeIgniter\CodeIgniter->handleRequest()
11 SYSTEMPATH/Boot.php(325): CodeIgniter\CodeIgniter->run()
12 SYSTEMPATH/Boot.php(67): CodeIgniter\Boot::runCodeIgniter()
13 FCPATH/index.php(56): CodeIgniter\Boot::bootWeb()
14 SYSTEMPATH/rewrite.php(44): require_once('/home/aluno/Downloads/codeigniter4-framework-be27314/public/index.php')
CRITICAL - 2024-07-19 17:45:30 --> [Caused by] mysqli_sql_exception: Table 'farmacia.farmacia' doesn't exist
in SYSTEMPATH/Database/MySQLi/Connection.php on line 312.
 1 SYSTEMPATH/Database/MySQLi/Connection.php(312): mysqli->query()
 2 SYSTEMPATH/Database/BaseConnection.php(734): CodeIgniter\Database\MySQLi\Connection->execute()
 3 SYSTEMPATH/Database/BaseConnection.php(648): CodeIgniter\Database\BaseConnection->simpleQuery()
 4 SYSTEMPATH/Database/BaseBuilder.php(2332): CodeIgniter\Database\BaseConnection->query()
 5 SYSTEMPATH/Model.php(394): CodeIgniter\Database\BaseBuilder->insert()
 6 SYSTEMPATH/BaseModel.php(840): CodeIgniter\Model->doInsert()
 7 SYSTEMPATH/Model.php(802): CodeIgniter\BaseModel->insert()
 8 APPPATH/Controllers/Home.php(26): CodeIgniter\Model->insert()
 9 SYSTEMPATH/CodeIgniter.php(933): App\Controllers\Home->recebaDados()
10 SYSTEMPATH/CodeIgniter.php(509): CodeIgniter\CodeIgniter->runController()
11 SYSTEMPATH/CodeIgniter.php(355): CodeIgniter\CodeIgniter->handleRequest()
12 SYSTEMPATH/Boot.php(325): CodeIgniter\CodeIgniter->run()
13 SYSTEMPATH/Boot.php(67): CodeIgniter\Boot::runCodeIgniter()
14 FCPATH/index.php(56): CodeIgniter\Boot::bootWeb()
15 SYSTEMPATH/rewrite.php(44): require_once('/home/aluno/Downloads/codeigniter4-framework-be27314/public/index.php')
ERROR - 2024-07-19 17:45:34 --> mysqli_sql_exception: Table 'farmacia.farmacia' doesn't exist in /home/aluno/Downloads/codeigniter4-framework-be27314/system/Database/MySQLi/Connection.php:312
Stack trace:
#0 /home/aluno/Downloads/codeigniter4-framework-be27314/system/Database/MySQLi/Connection.php(312): mysqli->query()
#1 /home/aluno/Downloads/codeigniter4-framework-be27314/system/Database/BaseConnection.php(734): CodeIgniter\Database\MySQLi\Connection->execute()
#2 /home/aluno/Downloads/codeigniter4-framework-be27314/system/Database/BaseConnection.php(648): CodeIgniter\Database\BaseConnection->simpleQuery()
#3 /home/aluno/Downloads/codeigniter4-framework-be27314/system/Database/BaseBuilder.php(2332): CodeIgniter\Database\BaseConnection->query()
#4 /home/aluno/Downloads/codeigniter4-framework-be27314/system/Model.php(394): CodeIgniter\Database\BaseBuilder->insert()
#5 /home/aluno/Downloads/codeigniter4-framework-be27314/system/BaseModel.php(840): CodeIgniter\Model->doInsert()
#6 /home/aluno/Downloads/codeigniter4-framework-be27314/system/Model.php(802): CodeIgniter\BaseModel->insert()
#7 /home/aluno/Downloads/codeigniter4-framework-be27314/app/Controllers/Home.php(26): CodeIgniter\Model->insert()
#8 /home/aluno/Downloads/codeigniter4-framework-be27314/system/CodeIgniter.php(933): App\Controllers\Home->recebaDados()
#9 /home/aluno/Downloads/codeigniter4-framework-be27314/system/CodeIgniter.php(509): CodeIgniter\CodeIgniter->runController()
#10 /home/aluno/Downloads/codeigniter4-framework-be27314/system/CodeIgniter.php(355): CodeIgniter\CodeIgniter->handleRequest()
#11 /home/aluno/Downloads/codeigniter4-framework-be27314/system/Boot.php(325): CodeIgniter\CodeIgniter->run()
#12 /home/aluno/Downloads/codeigniter4-framework-be27314/system/Boot.php(67): CodeIgniter\Boot::runCodeIgniter()
#13 /home/aluno/Downloads/codeigniter4-framework-be27314/public/index.php(56): CodeIgniter\Boot::bootWeb()
#14 /home/aluno/Downloads/codeigniter4-framework-be27314/system/rewrite.php(44): require_once('...')
#15 {main}
CRITICAL - 2024-07-19 17:45:34 --> CodeIgniter\Database\Exceptions\DatabaseException: Table 'farmacia.farmacia' doesn't exist
[Method: POST, Route: recebaDados]
in SYSTEMPATH/Database/BaseConnection.php on line 688.
 1 SYSTEMPATH/Database/BaseBuilder.php(2332): CodeIgniter\Database\BaseConnection->query()
 2 SYSTEMPATH/Model.php(394): CodeIgniter\Database\BaseBuilder->insert()
 3 SYSTEMPATH/BaseModel.php(840): CodeIgniter\Model->doInsert()
 4 SYSTEMPATH/Model.php(802): CodeIgniter\BaseModel->insert()
 5 APPPATH/Controllers/Home.php(26): CodeIgniter\Model->insert()
 6 SYSTEMPATH/CodeIgniter.php(933): App\Controllers\Home->recebaDados()
 7 SYSTEMPATH/CodeIgniter.php(509): CodeIgniter\CodeIgniter->runController()
 8 SYSTEMPATH/CodeIgniter.php(355): CodeIgniter\CodeIgniter->handleRequest()
 9 SYSTEMPATH/Boot.php(325): CodeIgniter\CodeIgniter->run()
10 SYSTEMPATH/Boot.php(67): CodeIgniter\Boot::runCodeIgniter()
11 FCPATH/index.php(56): CodeIgniter\Boot::bootWeb()
12 SYSTEMPATH/rewrite.php(44): require_once('/home/aluno/Downloads/codeigniter4-framework-be27314/public/index.php')
CRITICAL - 2024-07-19 17:45:34 --> [Caused by] CodeIgniter\Database\Exceptions\DatabaseException: Table 'farmacia.farmacia' doesn't exist
in SYSTEMPATH/Database/MySQLi/Connection.php on line 317.
 1 SYSTEMPATH/Database/BaseConnection.php(734): CodeIgniter\Database\MySQLi\Connection->execute()
 2 SYSTEMPATH/Database/BaseConnection.php(648): CodeIgniter\Database\BaseConnection->simpleQuery()
 3 SYSTEMPATH/Database/BaseBuilder.php(2332): CodeIgniter\Database\BaseConnection->query()
 4 SYSTEMPATH/Model.php(394): CodeIgniter\Database\BaseBuilder->insert()
 5 SYSTEMPATH/BaseModel.php(840): CodeIgniter\Model->doInsert()
 6 SYSTEMPATH/Model.php(802): CodeIgniter\BaseModel->insert()
 7 APPPATH/Controllers/Home.php(26): CodeIgniter\Model->insert()
 8 SYSTEMPATH/CodeIgniter.php(933): App\Controllers\Home->recebaDados()
 9 SYSTEMPATH/CodeIgniter.php(509): CodeIgniter\CodeIgniter->runController()
10 SYSTEMPATH/CodeIgniter.php(355): CodeIgniter\CodeIgniter->handleRequest()
11 SYSTEMPATH/Boot.php(325): CodeIgniter\CodeIgniter->run()
12 SYSTEMPATH/Boot.php(67): CodeIgniter\Boot::runCodeIgniter()
13 FCPATH/index.php(56): CodeIgniter\Boot::bootWeb()
14 SYSTEMPATH/rewrite.php(44): require_once('/home/aluno/Downloads/codeigniter4-framework-be27314/public/index.php')
CRITICAL - 2024-07-19 17:45:34 --> [Caused by] mysqli_sql_exception: Table 'farmacia.farmacia' doesn't exist
in SYSTEMPATH/Database/MySQLi/Connection.php on line 312.
 1 SYSTEMPATH/Database/MySQLi/Connection.php(312): mysqli->query()
 2 SYSTEMPATH/Database/BaseConnection.php(734): CodeIgniter\Database\MySQLi\Connection->execute()
 3 SYSTEMPATH/Database/BaseConnection.php(648): CodeIgniter\Database\BaseConnection->simpleQuery()
 4 SYSTEMPATH/Database/BaseBuilder.php(2332): CodeIgniter\Database\BaseConnection->query()
 5 SYSTEMPATH/Model.php(394): CodeIgniter\Database\BaseBuilder->insert()
 6 SYSTEMPATH/BaseModel.php(840): CodeIgniter\Model->doInsert()
 7 SYSTEMPATH/Model.php(802): CodeIgniter\BaseModel->insert()
 8 APPPATH/Controllers/Home.php(26): CodeIgniter\Model->insert()
 9 SYSTEMPATH/CodeIgniter.php(933): App\Controllers\Home->recebaDados()
10 SYSTEMPATH/CodeIgniter.php(509): CodeIgniter\CodeIgniter->runController()
11 SYSTEMPATH/CodeIgniter.php(355): CodeIgniter\CodeIgniter->handleRequest()
12 SYSTEMPATH/Boot.php(325): CodeIgniter\CodeIgniter->run()
13 SYSTEMPATH/Boot.php(67): CodeIgniter\Boot::runCodeIgniter()
14 FCPATH/index.php(56): CodeIgniter\Boot::bootWeb()
15 SYSTEMPATH/rewrite.php(44): require_once('/home/aluno/Downloads/codeigniter4-framework-be27314/public/index.php')
CRITICAL - 2024-07-19 17:46:43 --> TypeError: App\Controllers\Home::recebaDados(): Return value must be of type string, CodeIgniter\HTTP\RedirectResponse returned
[Method: POST, Route: recebaDados]
in APPPATH/Controllers/Home.php on line 28.
 1 SYSTEMPATH/CodeIgniter.php(933): App\Controllers\Home->recebaDados()
 2 SYSTEMPATH/CodeIgniter.php(509): CodeIgniter\CodeIgniter->runController()
 3 SYSTEMPATH/CodeIgniter.php(355): CodeIgniter\CodeIgniter->handleRequest()
 4 SYSTEMPATH/Boot.php(325): CodeIgniter\CodeIgniter->run()
 5 SYSTEMPATH/Boot.php(67): CodeIgniter\Boot::runCodeIgniter()
 6 FCPATH/index.php(56): CodeIgniter\Boot::bootWeb()
 7 SYSTEMPATH/rewrite.php(44): require_once('/home/aluno/Downloads/codeigniter4-framework-be27314/public/index.php')
ERROR - 2024-07-19 17:53:37 --> mysqli_sql_exception: Column 'nome' cannot be null in /home/aluno/Downloads/codeigniter4-framework-be27314/system/Database/MySQLi/Connection.php:312
Stack trace:
#0 /home/aluno/Downloads/codeigniter4-framework-be27314/system/Database/MySQLi/Connection.php(312): mysqli->query()
#1 /home/aluno/Downloads/codeigniter4-framework-be27314/system/Database/BaseConnection.php(734): CodeIgniter\Database\MySQLi\Connection->execute()
#2 /home/aluno/Downloads/codeigniter4-framework-be27314/system/Database/BaseConnection.php(648): CodeIgniter\Database\BaseConnection->simpleQuery()
#3 /home/aluno/Downloads/codeigniter4-framework-be27314/system/Database/BaseBuilder.php(2332): CodeIgniter\Database\BaseConnection->query()
#4 /home/aluno/Downloads/codeigniter4-framework-be27314/system/Model.php(394): CodeIgniter\Database\BaseBuilder->insert()
#5 /home/aluno/Downloads/codeigniter4-framework-be27314/system/BaseModel.php(840): CodeIgniter\Model->doInsert()
#6 /home/aluno/Downloads/codeigniter4-framework-be27314/system/Model.php(802): CodeIgniter\BaseModel->insert()
#7 /home/aluno/Downloads/codeigniter4-framework-be27314/app/Controllers/Home.php(26): CodeIgniter\Model->insert()
#8 /home/aluno/Downloads/codeigniter4-framework-be27314/system/CodeIgniter.php(933): App\Controllers\Home->listarDados()
#9 /home/aluno/Downloads/codeigniter4-framework-be27314/system/CodeIgniter.php(509): CodeIgniter\CodeIgniter->runController()
#10 /home/aluno/Downloads/codeigniter4-framework-be27314/system/CodeIgniter.php(355): CodeIgniter\CodeIgniter->handleRequest()
#11 /home/aluno/Downloads/codeigniter4-framework-be27314/system/Boot.php(325): CodeIgniter\CodeIgniter->run()
#12 /home/aluno/Downloads/codeigniter4-framework-be27314/system/Boot.php(67): CodeIgniter\Boot::runCodeIgniter()
#13 /home/aluno/Downloads/codeigniter4-framework-be27314/public/index.php(56): CodeIgniter\Boot::bootWeb()
#14 /home/aluno/Downloads/codeigniter4-framework-be27314/system/rewrite.php(44): require_once('...')
#15 {main}
CRITICAL - 2024-07-19 17:53:37 --> CodeIgniter\Database\Exceptions\DatabaseException: Column 'nome' cannot be null
[Method: GET, Route: listarDados]
in SYSTEMPATH/Database/BaseConnection.php on line 688.
 1 SYSTEMPATH/Database/BaseBuilder.php(2332): CodeIgniter\Database\BaseConnection->query()
 2 SYSTEMPATH/Model.php(394): CodeIgniter\Database\BaseBuilder->insert()
 3 SYSTEMPATH/BaseModel.php(840): CodeIgniter\Model->doInsert()
 4 SYSTEMPATH/Model.php(802): CodeIgniter\BaseModel->insert()
 5 APPPATH/Controllers/Home.php(26): CodeIgniter\Model->insert()
 6 SYSTEMPATH/CodeIgniter.php(933): App\Controllers\Home->listarDados()
 7 SYSTEMPATH/CodeIgniter.php(509): CodeIgniter\CodeIgniter->runController()
 8 SYSTEMPATH/CodeIgniter.php(355): CodeIgniter\CodeIgniter->handleRequest()
 9 SYSTEMPATH/Boot.php(325): CodeIgniter\CodeIgniter->run()
10 SYSTEMPATH/Boot.php(67): CodeIgniter\Boot::runCodeIgniter()
11 FCPATH/index.php(56): CodeIgniter\Boot::bootWeb()
12 SYSTEMPATH/rewrite.php(44): require_once('/home/aluno/Downloads/codeigniter4-framework-be27314/public/index.php')
CRITICAL - 2024-07-19 17:53:37 --> [Caused by] CodeIgniter\Database\Exceptions\DatabaseException: Column 'nome' cannot be null
in SYSTEMPATH/Database/MySQLi/Connection.php on line 317.
 1 SYSTEMPATH/Database/BaseConnection.php(734): CodeIgniter\Database\MySQLi\Connection->execute()
 2 SYSTEMPATH/Database/BaseConnection.php(648): CodeIgniter\Database\BaseConnection->simpleQuery()
 3 SYSTEMPATH/Database/BaseBuilder.php(2332): CodeIgniter\Database\BaseConnection->query()
 4 SYSTEMPATH/Model.php(394): CodeIgniter\Database\BaseBuilder->insert()
 5 SYSTEMPATH/BaseModel.php(840): CodeIgniter\Model->doInsert()
 6 SYSTEMPATH/Model.php(802): CodeIgniter\BaseModel->insert()
 7 APPPATH/Controllers/Home.php(26): CodeIgniter\Model->insert()
 8 SYSTEMPATH/CodeIgniter.php(933): App\Controllers\Home->listarDados()
 9 SYSTEMPATH/CodeIgniter.php(509): CodeIgniter\CodeIgniter->runController()
10 SYSTEMPATH/CodeIgniter.php(355): CodeIgniter\CodeIgniter->handleRequest()
11 SYSTEMPATH/Boot.php(325): CodeIgniter\CodeIgniter->run()
12 SYSTEMPATH/Boot.php(67): CodeIgniter\Boot::runCodeIgniter()
13 FCPATH/index.php(56): CodeIgniter\Boot::bootWeb()
14 SYSTEMPATH/rewrite.php(44): require_once('/home/aluno/Downloads/codeigniter4-framework-be27314/public/index.php')
CRITICAL - 2024-07-19 17:53:37 --> [Caused by] mysqli_sql_exception: Column 'nome' cannot be null
in SYSTEMPATH/Database/MySQLi/Connection.php on line 312.
 1 SYSTEMPATH/Database/MySQLi/Connection.php(312): mysqli->query()
 2 SYSTEMPATH/Database/BaseConnection.php(734): CodeIgniter\Database\MySQLi\Connection->execute()
 3 SYSTEMPATH/Database/BaseConnection.php(648): CodeIgniter\Database\BaseConnection->simpleQuery()
 4 SYSTEMPATH/Database/BaseBuilder.php(2332): CodeIgniter\Database\BaseConnection->query()
 5 SYSTEMPATH/Model.php(394): CodeIgniter\Database\BaseBuilder->insert()
 6 SYSTEMPATH/BaseModel.php(840): CodeIgniter\Model->doInsert()
 7 SYSTEMPATH/Model.php(802): CodeIgniter\BaseModel->insert()
 8 APPPATH/Controllers/Home.php(26): CodeIgniter\Model->insert()
 9 SYSTEMPATH/CodeIgniter.php(933): App\Controllers\Home->listarDados()
10 SYSTEMPATH/CodeIgniter.php(509): CodeIgniter\CodeIgniter->runController()
11 SYSTEMPATH/CodeIgniter.php(355): CodeIgniter\CodeIgniter->handleRequest()
12 SYSTEMPATH/Boot.php(325): CodeIgniter\CodeIgniter->run()
13 SYSTEMPATH/Boot.php(67): CodeIgniter\Boot::runCodeIgniter()
14 FCPATH/index.php(56): CodeIgniter\Boot::bootWeb()
15 SYSTEMPATH/rewrite.php(44): require_once('/home/aluno/Downloads/codeigniter4-framework-be27314/public/index.php')
CRITICAL - 2024-07-19 18:01:52 --> CodeIgniter\View\Exceptions\ViewException: Invalid file: "listarDados.php"
[Method: GET, Route: listarDados]
in SYSTEMPATH/Exceptions/FrameworkException.php on line 41.
 1 SYSTEMPATH/View/View.php(222): CodeIgniter\Exceptions\FrameworkException::forInvalidFile()
 2 SYSTEMPATH/Common.php(1171): CodeIgniter\View\View->render()
 3 APPPATH/Controllers/Home.php(37): view()
 4 SYSTEMPATH/CodeIgniter.php(933): App\Controllers\Home->listarDados()
 5 SYSTEMPATH/CodeIgniter.php(509): CodeIgniter\CodeIgniter->runController()
 6 SYSTEMPATH/CodeIgniter.php(355): CodeIgniter\CodeIgniter->handleRequest()
 7 SYSTEMPATH/Boot.php(325): CodeIgniter\CodeIgniter->run()
 8 SYSTEMPATH/Boot.php(67): CodeIgniter\Boot::runCodeIgniter()
 9 FCPATH/index.php(56): CodeIgniter\Boot::bootWeb()
10 SYSTEMPATH/rewrite.php(44): require_once('/home/aluno/Downloads/codeigniter4-framework-be27314/public/index.php')
CRITICAL - 2024-07-19 18:02:42 --> ErrorException: Undefined variable $data
[Method: GET, Route: listarDados]
in APPPATH/Views/listarDados.php on line 13.
 1 APPPATH/Views/listarDados.php(13): CodeIgniter\Debug\Exceptions->errorHandler()
 2 SYSTEMPATH/View/View.php(234): include('/home/aluno/Downloads/codeigniter4-framework-be27314/app/Views/listarDados.php')
 3 SYSTEMPATH/View/View.php(237): CodeIgniter\View\View->CodeIgniter\View\{closure}()
 4 SYSTEMPATH/Common.php(1171): CodeIgniter\View\View->render()
 5 APPPATH/Controllers/Home.php(37): view()
 6 SYSTEMPATH/CodeIgniter.php(933): App\Controllers\Home->listarDados()
 7 SYSTEMPATH/CodeIgniter.php(509): CodeIgniter\CodeIgniter->runController()
 8 SYSTEMPATH/CodeIgniter.php(355): CodeIgniter\CodeIgniter->handleRequest()
 9 SYSTEMPATH/Boot.php(325): CodeIgniter\CodeIgniter->run()
10 SYSTEMPATH/Boot.php(67): CodeIgniter\Boot::runCodeIgniter()
11 FCPATH/index.php(56): CodeIgniter\Boot::bootWeb()
12 SYSTEMPATH/rewrite.php(44): require_once('/home/aluno/Downloads/codeigniter4-framework-be27314/public/index.php')
CRITICAL - 2024-07-19 18:02:43 --> ErrorException: Undefined variable $data
[Method: GET, Route: listarDados]
in APPPATH/Views/listarDados.php on line 13.
 1 APPPATH/Views/listarDados.php(13): CodeIgniter\Debug\Exceptions->errorHandler()
 2 SYSTEMPATH/View/View.php(234): include('/home/aluno/Downloads/codeigniter4-framework-be27314/app/Views/listarDados.php')
 3 SYSTEMPATH/View/View.php(237): CodeIgniter\View\View->CodeIgniter\View\{closure}()
 4 SYSTEMPATH/Common.php(1171): CodeIgniter\View\View->render()
 5 APPPATH/Controllers/Home.php(37): view()
 6 SYSTEMPATH/CodeIgniter.php(933): App\Controllers\Home->listarDados()
 7 SYSTEMPATH/CodeIgniter.php(509): CodeIgniter\CodeIgniter->runController()
 8 SYSTEMPATH/CodeIgniter.php(355): CodeIgniter\CodeIgniter->handleRequest()
 9 SYSTEMPATH/Boot.php(325): CodeIgniter\CodeIgniter->run()
10 SYSTEMPATH/Boot.php(67): CodeIgniter\Boot::runCodeIgniter()
11 FCPATH/index.php(56): CodeIgniter\Boot::bootWeb()
12 SYSTEMPATH/rewrite.php(44): require_once('/home/aluno/Downloads/codeigniter4-framework-be27314/public/index.php')
CRITICAL - 2024-07-19 18:04:30 --> ErrorException: Undefined variable $data
[Method: GET, Route: listarDados]
in APPPATH/Views/listarDados.php on line 13.
 1 APPPATH/Views/listarDados.php(13): CodeIgniter\Debug\Exceptions->errorHandler()
 2 SYSTEMPATH/View/View.php(234): include('/home/aluno/Downloads/codeigniter4-framework-be27314/app/Views/listarDados.php')
 3 SYSTEMPATH/View/View.php(237): CodeIgniter\View\View->CodeIgniter\View\{closure}()
 4 SYSTEMPATH/Common.php(1171): CodeIgniter\View\View->render()
 5 APPPATH/Controllers/Home.php(38): view()
 6 SYSTEMPATH/CodeIgniter.php(933): App\Controllers\Home->listarDados()
 7 SYSTEMPATH/CodeIgniter.php(509): CodeIgniter\CodeIgniter->runController()
 8 SYSTEMPATH/CodeIgniter.php(355): CodeIgniter\CodeIgniter->handleRequest()
 9 SYSTEMPATH/Boot.php(325): CodeIgniter\CodeIgniter->run()
10 SYSTEMPATH/Boot.php(67): CodeIgniter\Boot::runCodeIgniter()
11 FCPATH/index.php(56): CodeIgniter\Boot::bootWeb()
12 SYSTEMPATH/rewrite.php(44): require_once('/home/aluno/Downloads/codeigniter4-framework-be27314/public/index.php')
CRITICAL - 2024-07-19 18:04:31 --> ErrorException: Undefined variable $data
[Method: GET, Route: listarDados]
in APPPATH/Views/listarDados.php on line 13.
 1 APPPATH/Views/listarDados.php(13): CodeIgniter\Debug\Exceptions->errorHandler()
 2 SYSTEMPATH/View/View.php(234): include('/home/aluno/Downloads/codeigniter4-framework-be27314/app/Views/listarDados.php')
 3 SYSTEMPATH/View/View.php(237): CodeIgniter\View\View->CodeIgniter\View\{closure}()
 4 SYSTEMPATH/Common.php(1171): CodeIgniter\View\View->render()
 5 APPPATH/Controllers/Home.php(38): view()
 6 SYSTEMPATH/CodeIgniter.php(933): App\Controllers\Home->listarDados()
 7 SYSTEMPATH/CodeIgniter.php(509): CodeIgniter\CodeIgniter->runController()
 8 SYSTEMPATH/CodeIgniter.php(355): CodeIgniter\CodeIgniter->handleRequest()
 9 SYSTEMPATH/Boot.php(325): CodeIgniter\CodeIgniter->run()
10 SYSTEMPATH/Boot.php(67): CodeIgniter\Boot::runCodeIgniter()
11 FCPATH/index.php(56): CodeIgniter\Boot::bootWeb()
12 SYSTEMPATH/rewrite.php(44): require_once('/home/aluno/Downloads/codeigniter4-framework-be27314/public/index.php')
CRITICAL - 2024-07-19 18:04:35 --> ErrorException: Undefined variable $data
[Method: GET, Route: listarDados]
in APPPATH/Views/listarDados.php on line 13.
 1 APPPATH/Views/listarDados.php(13): CodeIgniter\Debug\Exceptions->errorHandler()
 2 SYSTEMPATH/View/View.php(234): include('/home/aluno/Downloads/codeigniter4-framework-be27314/app/Views/listarDados.php')
 3 SYSTEMPATH/View/View.php(237): CodeIgniter\View\View->CodeIgniter\View\{closure}()
 4 SYSTEMPATH/Common.php(1171): CodeIgniter\View\View->render()
 5 APPPATH/Controllers/Home.php(38): view()
 6 SYSTEMPATH/CodeIgniter.php(933): App\Controllers\Home->listarDados()
 7 SYSTEMPATH/CodeIgniter.php(509): CodeIgniter\CodeIgniter->runController()
 8 SYSTEMPATH/CodeIgniter.php(355): CodeIgniter\CodeIgniter->handleRequest()
 9 SYSTEMPATH/Boot.php(325): CodeIgniter\CodeIgniter->run()
10 SYSTEMPATH/Boot.php(67): CodeIgniter\Boot::runCodeIgniter()
11 FCPATH/index.php(56): CodeIgniter\Boot::bootWeb()
12 SYSTEMPATH/rewrite.php(44): require_once('/home/aluno/Downloads/codeigniter4-framework-be27314/public/index.php')
CRITICAL - 2024-07-19 18:04:47 --> ErrorException: Undefined variable $data
[Method: GET, Route: listarDados]
in APPPATH/Views/listarDados.php on line 13.
 1 APPPATH/Views/listarDados.php(13): CodeIgniter\Debug\Exceptions->errorHandler()
 2 SYSTEMPATH/View/View.php(234): include('/home/aluno/Downloads/codeigniter4-framework-be27314/app/Views/listarDados.php')
 3 SYSTEMPATH/View/View.php(237): CodeIgniter\View\View->CodeIgniter\View\{closure}()
 4 SYSTEMPATH/Common.php(1171): CodeIgniter\View\View->render()
 5 APPPATH/Controllers/Home.php(38): view()
 6 SYSTEMPATH/CodeIgniter.php(933): App\Controllers\Home->listarDados()
 7 SYSTEMPATH/CodeIgniter.php(509): CodeIgniter\CodeIgniter->runController()
 8 SYSTEMPATH/CodeIgniter.php(355): CodeIgniter\CodeIgniter->handleRequest()
 9 SYSTEMPATH/Boot.php(325): CodeIgniter\CodeIgniter->run()
10 SYSTEMPATH/Boot.php(67): CodeIgniter\Boot::runCodeIgniter()
11 FCPATH/index.php(56): CodeIgniter\Boot::bootWeb()
12 SYSTEMPATH/rewrite.php(44): require_once('/home/aluno/Downloads/codeigniter4-framework-be27314/public/index.php')
CRITICAL - 2024-07-19 18:04:47 --> ErrorException: Undefined variable $data
[Method: GET, Route: listarDados]
in APPPATH/Views/listarDados.php on line 13.
 1 APPPATH/Views/listarDados.php(13): CodeIgniter\Debug\Exceptions->errorHandler()
 2 SYSTEMPATH/View/View.php(234): include('/home/aluno/Downloads/codeigniter4-framework-be27314/app/Views/listarDados.php')
 3 SYSTEMPATH/View/View.php(237): CodeIgniter\View\View->CodeIgniter\View\{closure}()
 4 SYSTEMPATH/Common.php(1171): CodeIgniter\View\View->render()
 5 APPPATH/Controllers/Home.php(38): view()
 6 SYSTEMPATH/CodeIgniter.php(933): App\Controllers\Home->listarDados()
 7 SYSTEMPATH/CodeIgniter.php(509): CodeIgniter\CodeIgniter->runController()
 8 SYSTEMPATH/CodeIgniter.php(355): CodeIgniter\CodeIgniter->handleRequest()
 9 SYSTEMPATH/Boot.php(325): CodeIgniter\CodeIgniter->run()
10 SYSTEMPATH/Boot.php(67): CodeIgniter\Boot::runCodeIgniter()
11 FCPATH/index.php(56): CodeIgniter\Boot::bootWeb()
12 SYSTEMPATH/rewrite.php(44): require_once('/home/aluno/Downloads/codeigniter4-framework-be27314/public/index.php')
CRITICAL - 2024-07-19 18:04:47 --> ErrorException: Undefined variable $data
[Method: GET, Route: listarDados]
in APPPATH/Views/listarDados.php on line 13.
 1 APPPATH/Views/listarDados.php(13): CodeIgniter\Debug\Exceptions->errorHandler()
 2 SYSTEMPATH/View/View.php(234): include('/home/aluno/Downloads/codeigniter4-framework-be27314/app/Views/listarDados.php')
 3 SYSTEMPATH/View/View.php(237): CodeIgniter\View\View->CodeIgniter\View\{closure}()
 4 SYSTEMPATH/Common.php(1171): CodeIgniter\View\View->render()
 5 APPPATH/Controllers/Home.php(38): view()
 6 SYSTEMPATH/CodeIgniter.php(933): App\Controllers\Home->listarDados()
 7 SYSTEMPATH/CodeIgniter.php(509): CodeIgniter\CodeIgniter->runController()
 8 SYSTEMPATH/CodeIgniter.php(355): CodeIgniter\CodeIgniter->handleRequest()
 9 SYSTEMPATH/Boot.php(325): CodeIgniter\CodeIgniter->run()
10 SYSTEMPATH/Boot.php(67): CodeIgniter\Boot::runCodeIgniter()
11 FCPATH/index.php(56): CodeIgniter\Boot::bootWeb()
12 SYSTEMPATH/rewrite.php(44): require_once('/home/aluno/Downloads/codeigniter4-framework-be27314/public/index.php')
CRITICAL - 2024-07-19 18:10:58 --> ErrorException: Undefined variable $remedio
[Method: GET, Route: listarDados]
in APPPATH/Views/listarDados.php on line 30.
 1 APPPATH/Views/listarDados.php(30): CodeIgniter\Debug\Exceptions->errorHandler()
 2 SYSTEMPATH/View/View.php(234): include('/home/aluno/Downloads/codeigniter4-framework-be27314/app/Views/listarDados.php')
 3 SYSTEMPATH/View/View.php(237): CodeIgniter\View\View->CodeIgniter\View\{closure}()
 4 SYSTEMPATH/Common.php(1171): CodeIgniter\View\View->render()
 5 APPPATH/Controllers/Home.php(38): view()
 6 SYSTEMPATH/CodeIgniter.php(933): App\Controllers\Home->listarDados()
 7 SYSTEMPATH/CodeIgniter.php(509): CodeIgniter\CodeIgniter->runController()
 8 SYSTEMPATH/CodeIgniter.php(355): CodeIgniter\CodeIgniter->handleRequest()
 9 SYSTEMPATH/Boot.php(325): CodeIgniter\CodeIgniter->run()
10 SYSTEMPATH/Boot.php(67): CodeIgniter\Boot::runCodeIgniter()
11 FCPATH/index.php(56): CodeIgniter\Boot::bootWeb()
12 SYSTEMPATH/rewrite.php(44): require_once('/home/aluno/Downloads/codeigniter4-framework-be27314/public/index.php')
CRITICAL - 2024-07-19 18:10:59 --> ErrorException: Undefined variable $remedio
[Method: GET, Route: listarDados]
in APPPATH/Views/listarDados.php on line 30.
 1 APPPATH/Views/listarDados.php(30): CodeIgniter\Debug\Exceptions->errorHandler()
 2 SYSTEMPATH/View/View.php(234): include('/home/aluno/Downloads/codeigniter4-framework-be27314/app/Views/listarDados.php')
 3 SYSTEMPATH/View/View.php(237): CodeIgniter\View\View->CodeIgniter\View\{closure}()
 4 SYSTEMPATH/Common.php(1171): CodeIgniter\View\View->render()
 5 APPPATH/Controllers/Home.php(38): view()
 6 SYSTEMPATH/CodeIgniter.php(933): App\Controllers\Home->listarDados()
 7 SYSTEMPATH/CodeIgniter.php(509): CodeIgniter\CodeIgniter->runController()
 8 SYSTEMPATH/CodeIgniter.php(355): CodeIgniter\CodeIgniter->handleRequest()
 9 SYSTEMPATH/Boot.php(325): CodeIgniter\CodeIgniter->run()
10 SYSTEMPATH/Boot.php(67): CodeIgniter\Boot::runCodeIgniter()
11 FCPATH/index.php(56): CodeIgniter\Boot::bootWeb()
12 SYSTEMPATH/rewrite.php(44): require_once('/home/aluno/Downloads/codeigniter4-framework-be27314/public/index.php')
