CRITICAL - 2024-07-26 17:24:39 --> ErrorException: Undefined property: App\Controllers\Home::$session
[Method: POST, Route: remover]
in APPPATH/Controllers/Home.php on line 46.
 1 APPPATH/Controllers/Home.php(46): CodeIgniter\Debug\Exceptions->errorHandler()
 2 SYSTEMPATH/CodeIgniter.php(933): App\Controllers\Home->removerDados()
 3 SYSTEMPATH/CodeIgniter.php(509): CodeIgniter\CodeIgniter->runController()
 4 SYSTEMPATH/CodeIgniter.php(355): CodeIgniter\CodeIgniter->handleRequest()
 5 SYSTEMPATH/Boot.php(325): CodeIgniter\CodeIgniter->run()
 6 SYSTEMPATH/Boot.php(67): CodeIgniter\Boot::runCodeIgniter()
 7 FCPATH/index.php(56): CodeIgniter\Boot::bootWeb()
 8 SYSTEMPATH/rewrite.php(44): require_once('/home/aluno/Música/codeigniter4-framework-be27314/public/index.php')
CRITICAL - 2024-07-26 17:27:54 --> ErrorException: Undefined property: App\Controllers\Home::$session
[Method: POST, Route: remover]
in APPPATH/Controllers/Home.php on line 46.
 1 APPPATH/Controllers/Home.php(46): CodeIgniter\Debug\Exceptions->errorHandler()
 2 SYSTEMPATH/CodeIgniter.php(933): App\Controllers\Home->removerDados()
 3 SYSTEMPATH/CodeIgniter.php(509): CodeIgniter\CodeIgniter->runController()
 4 SYSTEMPATH/CodeIgniter.php(355): CodeIgniter\CodeIgniter->handleRequest()
 5 SYSTEMPATH/Boot.php(325): CodeIgniter\CodeIgniter->run()
 6 SYSTEMPATH/Boot.php(67): CodeIgniter\Boot::runCodeIgniter()
 7 FCPATH/index.php(56): CodeIgniter\Boot::bootWeb()
 8 SYSTEMPATH/rewrite.php(44): require_once('/home/aluno/Música/codeigniter4-framework-be27314/public/index.php')
INFO - 2024-07-26 17:29:07 --> Session: Class initialized using 'CodeIgniter\Session\Handlers\FileHandler' driver.
INFO - 2024-07-26 17:29:10 --> Session: Class initialized using 'CodeIgniter\Session\Handlers\FileHandler' driver.
INFO - 2024-07-26 17:29:11 --> Session: Class initialized using 'CodeIgniter\Session\Handlers\FileHandler' driver.
INFO - 2024-07-26 17:34:45 --> Session: Class initialized using 'CodeIgniter\Session\Handlers\FileHandler' driver.
CRITICAL - 2024-07-26 17:34:47 --> ErrorException: Undefined property: App\Controllers\Home::$session
[Method: POST, Route: remover]
in APPPATH/Controllers/Home.php on line 46.
 1 APPPATH/Controllers/Home.php(46): CodeIgniter\Debug\Exceptions->errorHandler()
 2 SYSTEMPATH/CodeIgniter.php(933): App\Controllers\Home->removerDados()
 3 SYSTEMPATH/CodeIgniter.php(509): CodeIgniter\CodeIgniter->runController()
 4 SYSTEMPATH/CodeIgniter.php(355): CodeIgniter\CodeIgniter->handleRequest()
 5 SYSTEMPATH/Boot.php(325): CodeIgniter\CodeIgniter->run()
 6 SYSTEMPATH/Boot.php(67): CodeIgniter\Boot::runCodeIgniter()
 7 FCPATH/index.php(56): CodeIgniter\Boot::bootWeb()
 8 SYSTEMPATH/rewrite.php(44): require_once('/home/aluno/Música/codeigniter4-framework-be27314/public/index.php')
CRITICAL - 2024-07-26 17:51:45 --> ParseError: syntax error, unexpected end of file
[Method: GET, Route: listarDados]
in APPPATH/Config/Routes.php on line 16.
 1 SYSTEMPATH/CodeIgniter.php(823): CodeIgniter\Router\RouteCollection->loadRoutes()
 2 SYSTEMPATH/CodeIgniter.php(457): CodeIgniter\CodeIgniter->tryToRouteIt()
 3 SYSTEMPATH/CodeIgniter.php(355): CodeIgniter\CodeIgniter->handleRequest()
 4 SYSTEMPATH/Boot.php(325): CodeIgniter\CodeIgniter->run()
 5 SYSTEMPATH/Boot.php(67): CodeIgniter\Boot::runCodeIgniter()
 6 FCPATH/index.php(56): CodeIgniter\Boot::bootWeb()
 7 SYSTEMPATH/rewrite.php(44): require_once('/home/aluno/Música/codeigniter4-framework-be27314/public/index.php')
CRITICAL - 2024-07-26 17:51:47 --> ParseError: syntax error, unexpected end of file
[Method: GET, Route: registraForm]
in APPPATH/Config/Routes.php on line 16.
 1 SYSTEMPATH/CodeIgniter.php(823): CodeIgniter\Router\RouteCollection->loadRoutes()
 2 SYSTEMPATH/CodeIgniter.php(457): CodeIgniter\CodeIgniter->tryToRouteIt()
 3 SYSTEMPATH/CodeIgniter.php(355): CodeIgniter\CodeIgniter->handleRequest()
 4 SYSTEMPATH/Boot.php(325): CodeIgniter\CodeIgniter->run()
 5 SYSTEMPATH/Boot.php(67): CodeIgniter\Boot::runCodeIgniter()
 6 FCPATH/index.php(56): CodeIgniter\Boot::bootWeb()
 7 SYSTEMPATH/rewrite.php(44): require_once('/home/aluno/Música/codeigniter4-framework-be27314/public/index.php')
CRITICAL - 2024-07-26 17:51:48 --> ParseError: syntax error, unexpected end of file
[Method: GET, Route: registraForm]
in APPPATH/Config/Routes.php on line 16.
 1 SYSTEMPATH/CodeIgniter.php(823): CodeIgniter\Router\RouteCollection->loadRoutes()
 2 SYSTEMPATH/CodeIgniter.php(457): CodeIgniter\CodeIgniter->tryToRouteIt()
 3 SYSTEMPATH/CodeIgniter.php(355): CodeIgniter\CodeIgniter->handleRequest()
 4 SYSTEMPATH/Boot.php(325): CodeIgniter\CodeIgniter->run()
 5 SYSTEMPATH/Boot.php(67): CodeIgniter\Boot::runCodeIgniter()
 6 FCPATH/index.php(56): CodeIgniter\Boot::bootWeb()
 7 SYSTEMPATH/rewrite.php(44): require_once('/home/aluno/Música/codeigniter4-framework-be27314/public/index.php')
ERROR - 2024-07-26 17:54:18 --> mysqli_sql_exception: Column 'nome' cannot be null in /home/aluno/Música/codeigniter4-framework-be27314/system/Database/MySQLi/Connection.php:312
Stack trace:
#0 /home/aluno/Música/codeigniter4-framework-be27314/system/Database/MySQLi/Connection.php(312): mysqli->query()
#1 /home/aluno/Música/codeigniter4-framework-be27314/system/Database/BaseConnection.php(734): CodeIgniter\Database\MySQLi\Connection->execute()
#2 /home/aluno/Música/codeigniter4-framework-be27314/system/Database/BaseConnection.php(648): CodeIgniter\Database\BaseConnection->simpleQuery()
#3 /home/aluno/Música/codeigniter4-framework-be27314/system/Database/BaseBuilder.php(2332): CodeIgniter\Database\BaseConnection->query()
#4 /home/aluno/Música/codeigniter4-framework-be27314/system/Model.php(394): CodeIgniter\Database\BaseBuilder->insert()
#5 /home/aluno/Música/codeigniter4-framework-be27314/system/BaseModel.php(840): CodeIgniter\Model->doInsert()
#6 /home/aluno/Música/codeigniter4-framework-be27314/system/Model.php(802): CodeIgniter\BaseModel->insert()
#7 /home/aluno/Música/codeigniter4-framework-be27314/app/Controllers/Home.php(26): CodeIgniter\Model->insert()
#8 /home/aluno/Música/codeigniter4-framework-be27314/system/CodeIgniter.php(933): App\Controllers\Home->recebaDados()
#9 /home/aluno/Música/codeigniter4-framework-be27314/system/CodeIgniter.php(509): CodeIgniter\CodeIgniter->runController()
#10 /home/aluno/Música/codeigniter4-framework-be27314/system/CodeIgniter.php(355): CodeIgniter\CodeIgniter->handleRequest()
#11 /home/aluno/Música/codeigniter4-framework-be27314/system/Boot.php(325): CodeIgniter\CodeIgniter->run()
#12 /home/aluno/Música/codeigniter4-framework-be27314/system/Boot.php(67): CodeIgniter\Boot::runCodeIgniter()
#13 /home/aluno/Música/codeigniter4-framework-be27314/public/index.php(56): CodeIgniter\Boot::bootWeb()
#14 /home/aluno/Música/codeigniter4-framework-be27314/system/rewrite.php(44): require_once('...')
#15 {main}
CRITICAL - 2024-07-26 17:54:18 --> CodeIgniter\Database\Exceptions\DatabaseException: Column 'nome' cannot be null
[Method: POST, Route: recebaDados]
in SYSTEMPATH/Database/BaseConnection.php on line 688.
 1 SYSTEMPATH/Database/BaseBuilder.php(2332): CodeIgniter\Database\BaseConnection->query()
 2 SYSTEMPATH/Model.php(394): CodeIgniter\Database\BaseBuilder->insert()
 3 SYSTEMPATH/BaseModel.php(840): CodeIgniter\Model->doInsert()
 4 SYSTEMPATH/Model.php(802): CodeIgniter\BaseModel->insert()
 5 APPPATH/Controllers/Home.php(26): CodeIgniter\Model->insert()
 6 SYSTEMPATH/CodeIgniter.php(933): App\Controllers\Home->recebaDados()
 7 SYSTEMPATH/CodeIgniter.php(509): CodeIgniter\CodeIgniter->runController()
 8 SYSTEMPATH/CodeIgniter.php(355): CodeIgniter\CodeIgniter->handleRequest()
 9 SYSTEMPATH/Boot.php(325): CodeIgniter\CodeIgniter->run()
10 SYSTEMPATH/Boot.php(67): CodeIgniter\Boot::runCodeIgniter()
11 FCPATH/index.php(56): CodeIgniter\Boot::bootWeb()
12 SYSTEMPATH/rewrite.php(44): require_once('/home/aluno/Música/codeigniter4-framework-be27314/public/index.php')
CRITICAL - 2024-07-26 17:54:18 --> [Caused by] CodeIgniter\Database\Exceptions\DatabaseException: Column 'nome' cannot be null
in SYSTEMPATH/Database/MySQLi/Connection.php on line 317.
 1 SYSTEMPATH/Database/BaseConnection.php(734): CodeIgniter\Database\MySQLi\Connection->execute()
 2 SYSTEMPATH/Database/BaseConnection.php(648): CodeIgniter\Database\BaseConnection->simpleQuery()
 3 SYSTEMPATH/Database/BaseBuilder.php(2332): CodeIgniter\Database\BaseConnection->query()
 4 SYSTEMPATH/Model.php(394): CodeIgniter\Database\BaseBuilder->insert()
 5 SYSTEMPATH/BaseModel.php(840): CodeIgniter\Model->doInsert()
 6 SYSTEMPATH/Model.php(802): CodeIgniter\BaseModel->insert()
 7 APPPATH/Controllers/Home.php(26): CodeIgniter\Model->insert()
 8 SYSTEMPATH/CodeIgniter.php(933): App\Controllers\Home->recebaDados()
 9 SYSTEMPATH/CodeIgniter.php(509): CodeIgniter\CodeIgniter->runController()
10 SYSTEMPATH/CodeIgniter.php(355): CodeIgniter\CodeIgniter->handleRequest()
11 SYSTEMPATH/Boot.php(325): CodeIgniter\CodeIgniter->run()
12 SYSTEMPATH/Boot.php(67): CodeIgniter\Boot::runCodeIgniter()
13 FCPATH/index.php(56): CodeIgniter\Boot::bootWeb()
14 SYSTEMPATH/rewrite.php(44): require_once('/home/aluno/Música/codeigniter4-framework-be27314/public/index.php')
CRITICAL - 2024-07-26 17:54:18 --> [Caused by] mysqli_sql_exception: Column 'nome' cannot be null
in SYSTEMPATH/Database/MySQLi/Connection.php on line 312.
 1 SYSTEMPATH/Database/MySQLi/Connection.php(312): mysqli->query()
 2 SYSTEMPATH/Database/BaseConnection.php(734): CodeIgniter\Database\MySQLi\Connection->execute()
 3 SYSTEMPATH/Database/BaseConnection.php(648): CodeIgniter\Database\BaseConnection->simpleQuery()
 4 SYSTEMPATH/Database/BaseBuilder.php(2332): CodeIgniter\Database\BaseConnection->query()
 5 SYSTEMPATH/Model.php(394): CodeIgniter\Database\BaseBuilder->insert()
 6 SYSTEMPATH/BaseModel.php(840): CodeIgniter\Model->doInsert()
 7 SYSTEMPATH/Model.php(802): CodeIgniter\BaseModel->insert()
 8 APPPATH/Controllers/Home.php(26): CodeIgniter\Model->insert()
 9 SYSTEMPATH/CodeIgniter.php(933): App\Controllers\Home->recebaDados()
10 SYSTEMPATH/CodeIgniter.php(509): CodeIgniter\CodeIgniter->runController()
11 SYSTEMPATH/CodeIgniter.php(355): CodeIgniter\CodeIgniter->handleRequest()
12 SYSTEMPATH/Boot.php(325): CodeIgniter\CodeIgniter->run()
13 SYSTEMPATH/Boot.php(67): CodeIgniter\Boot::runCodeIgniter()
14 FCPATH/index.php(56): CodeIgniter\Boot::bootWeb()
15 SYSTEMPATH/rewrite.php(44): require_once('/home/aluno/Música/codeigniter4-framework-be27314/public/index.php')
CRITICAL - 2024-07-26 18:07:06 --> ArgumentCountError: Too few arguments to function App\Controllers\Home::atualizaDados(), 0 passed in /home/aluno/Música/codeigniter4-framework-be27314/system/CodeIgniter.php on line 933 and exactly 1 expected
[Method: POST, Route: update]
in APPPATH/Controllers/Home.php on line 59.
 1 SYSTEMPATH/CodeIgniter.php(933): App\Controllers\Home->atualizaDados()
 2 SYSTEMPATH/CodeIgniter.php(509): CodeIgniter\CodeIgniter->runController()
 3 SYSTEMPATH/CodeIgniter.php(355): CodeIgniter\CodeIgniter->handleRequest()
 4 SYSTEMPATH/Boot.php(325): CodeIgniter\CodeIgniter->run()
 5 SYSTEMPATH/Boot.php(67): CodeIgniter\Boot::runCodeIgniter()
 6 FCPATH/index.php(56): CodeIgniter\Boot::bootWeb()
 7 SYSTEMPATH/rewrite.php(44): require_once('/home/aluno/Música/codeigniter4-framework-be27314/public/index.php')
