ERROR - 2024-08-06 23:11:44 --> Error connecting to the database: mysqli_sql_exception: Access denied for user 'root'@'localhost' (using password: YES) in C:\Users\artur\OneDrive\Documentos\GitHub\Trab-Farmacia\system\Database\MySQLi\Connection.php:186
Stack trace:
#0 C:\Users\artur\OneDrive\Documentos\GitHub\Trab-Farmacia\system\Database\MySQLi\Connection.php(186): mysqli->real_connect('localhost', 'root', Object(SensitiveParameterValue), 'farmacia', 3306, '', 0)
#1 C:\Users\artur\OneDrive\Documentos\GitHub\Trab-Farmacia\system\Database\BaseConnection.php(421): CodeIgniter\Database\MySQLi\Connection->connect(false)
#2 C:\Users\artur\OneDrive\Documentos\GitHub\Trab-Farmacia\system\Database\BaseConnection.php(616): CodeIgniter\Database\BaseConnection->initialize()
#3 C:\Users\artur\OneDrive\Documentos\GitHub\Trab-Farmacia\system\Database\BaseBuilder.php(2332): CodeIgniter\Database\BaseConnection->query('INSERT INTO `re...', Array, false)
#4 C:\Users\artur\OneDrive\Documentos\GitHub\Trab-Farmacia\system\Model.php(394): CodeIgniter\Database\BaseBuilder->insert()
#5 C:\Users\artur\OneDrive\Documentos\GitHub\Trab-Farmacia\system\BaseModel.php(840): CodeIgniter\Model->doInsert(Array)
#6 C:\Users\artur\OneDrive\Documentos\GitHub\Trab-Farmacia\system\Model.php(802): CodeIgniter\BaseModel->insert(Array, true)
#7 C:\Users\artur\OneDrive\Documentos\GitHub\Trab-Farmacia\app\Controllers\Home.php(26): CodeIgniter\Model->insert(Array)
#8 C:\Users\artur\OneDrive\Documentos\GitHub\Trab-Farmacia\system\CodeIgniter.php(933): App\Controllers\Home->recebaDados()
#9 C:\Users\artur\OneDrive\Documentos\GitHub\Trab-Farmacia\system\CodeIgniter.php(509): CodeIgniter\CodeIgniter->runController(Object(App\Controllers\Home))
#10 C:\Users\artur\OneDrive\Documentos\GitHub\Trab-Farmacia\system\CodeIgniter.php(355): CodeIgniter\CodeIgniter->handleRequest(NULL, Object(Config\Cache), false)
#11 C:\Users\artur\OneDrive\Documentos\GitHub\Trab-Farmacia\system\Boot.php(325): CodeIgniter\CodeIgniter->run()
#12 C:\Users\artur\OneDrive\Documentos\GitHub\Trab-Farmacia\system\Boot.php(67): CodeIgniter\Boot::runCodeIgniter(Object(CodeIgniter\CodeIgniter))
#13 C:\Users\artur\OneDrive\Documentos\GitHub\Trab-Farmacia\public\index.php(56): CodeIgniter\Boot::bootWeb(Object(Config\Paths))
#14 C:\Users\artur\OneDrive\Documentos\GitHub\Trab-Farmacia\system\rewrite.php(44): require_once('C:\\Users\\artur\\...')
#15 {main}

Next CodeIgniter\Database\Exceptions\DatabaseException: Access denied for user '****'@'localhost' (using password: YES) in C:\Users\artur\OneDrive\Documentos\GitHub\Trab-Farmacia\system\Database\MySQLi\Connection.php:231
Stack trace:
#0 C:\Users\artur\OneDrive\Documentos\GitHub\Trab-Farmacia\system\Database\BaseConnection.php(421): CodeIgniter\Database\MySQLi\Connection->connect(false)
#1 C:\Users\artur\OneDrive\Documentos\GitHub\Trab-Farmacia\system\Database\BaseConnection.php(616): CodeIgniter\Database\BaseConnection->initialize()
#2 C:\Users\artur\OneDrive\Documentos\GitHub\Trab-Farmacia\system\Database\BaseBuilder.php(2332): CodeIgniter\Database\BaseConnection->query('INSERT INTO `re...', Array, false)
#3 C:\Users\artur\OneDrive\Documentos\GitHub\Trab-Farmacia\system\Model.php(394): CodeIgniter\Database\BaseBuilder->insert()
#4 C:\Users\artur\OneDrive\Documentos\GitHub\Trab-Farmacia\system\BaseModel.php(840): CodeIgniter\Model->doInsert(Array)
#5 C:\Users\artur\OneDrive\Documentos\GitHub\Trab-Farmacia\system\Model.php(802): CodeIgniter\BaseModel->insert(Array, true)
#6 C:\Users\artur\OneDrive\Documentos\GitHub\Trab-Farmacia\app\Controllers\Home.php(26): CodeIgniter\Model->insert(Array)
#7 C:\Users\artur\OneDrive\Documentos\GitHub\Trab-Farmacia\system\CodeIgniter.php(933): App\Controllers\Home->recebaDados()
#8 C:\Users\artur\OneDrive\Documentos\GitHub\Trab-Farmacia\system\CodeIgniter.php(509): CodeIgniter\CodeIgniter->runController(Object(App\Controllers\Home))
#9 C:\Users\artur\OneDrive\Documentos\GitHub\Trab-Farmacia\system\CodeIgniter.php(355): CodeIgniter\CodeIgniter->handleRequest(NULL, Object(Config\Cache), false)
#10 C:\Users\artur\OneDrive\Documentos\GitHub\Trab-Farmacia\system\Boot.php(325): CodeIgniter\CodeIgniter->run()
#11 C:\Users\artur\OneDrive\Documentos\GitHub\Trab-Farmacia\system\Boot.php(67): CodeIgniter\Boot::runCodeIgniter(Object(CodeIgniter\CodeIgniter))
#12 C:\Users\artur\OneDrive\Documentos\GitHub\Trab-Farmacia\public\index.php(56): CodeIgniter\Boot::bootWeb(Object(Config\Paths))
#13 C:\Users\artur\OneDrive\Documentos\GitHub\Trab-Farmacia\system\rewrite.php(44): require_once('C:\\Users\\artur\\...')
#14 {main}
CRITICAL - 2024-08-06 23:11:44 --> CodeIgniter\Database\Exceptions\DatabaseException: Unable to connect to the database.
Main connection [MySQLi]: Access denied for user '****'@'localhost' (using password: YES)
[Method: POST, Route: recebaDados]
in SYSTEMPATH\Database\BaseConnection.php on line 467.
 1 SYSTEMPATH\Database\BaseConnection.php(616): CodeIgniter\Database\BaseConnection->initialize()
 2 SYSTEMPATH\Database\BaseBuilder.php(2332): CodeIgniter\Database\BaseConnection->query('INSERT INTO `remedios` (`nome`, `laboratorio`, `preco`, `quantidade`) VALUES (:nome:, :laboratorio:, :preco:, :quantidade:)', [...], false)
 3 SYSTEMPATH\Model.php(394): CodeIgniter\Database\BaseBuilder->insert()
 4 SYSTEMPATH\BaseModel.php(840): CodeIgniter\Model->doInsert([...])
 5 SYSTEMPATH\Model.php(802): CodeIgniter\BaseModel->insert([...], true)
 6 APPPATH\Controllers\Home.php(26): CodeIgniter\Model->insert([...])
 7 SYSTEMPATH\CodeIgniter.php(933): App\Controllers\Home->recebaDados()
 8 SYSTEMPATH\CodeIgniter.php(509): CodeIgniter\CodeIgniter->runController(Object(App\Controllers\Home))
 9 SYSTEMPATH\CodeIgniter.php(355): CodeIgniter\CodeIgniter->handleRequest(null, Object(Config\Cache), false)
10 SYSTEMPATH\Boot.php(325): CodeIgniter\CodeIgniter->run()
11 SYSTEMPATH\Boot.php(67): CodeIgniter\Boot::runCodeIgniter(Object(CodeIgniter\CodeIgniter))
12 FCPATH\index.php(56): CodeIgniter\Boot::bootWeb(Object(Config\Paths))
13 SYSTEMPATH\rewrite.php(44): require_once('C:\\Users\\artur\\OneDrive\\Documentos\\GitHub\\Trab-Farmacia\\public\\index.php')
ERROR - 2024-08-06 23:17:55 --> Error connecting to the database: mysqli_sql_exception: Access denied for user 'root'@'localhost' (using password: YES) in C:\Users\artur\OneDrive\Documentos\GitHub\Trab-Farmacia\system\Database\MySQLi\Connection.php:186
Stack trace:
#0 C:\Users\artur\OneDrive\Documentos\GitHub\Trab-Farmacia\system\Database\MySQLi\Connection.php(186): mysqli->real_connect('127.0.0.1', 'root', Object(SensitiveParameterValue), 'farmacia', 3306, '', 0)
#1 C:\Users\artur\OneDrive\Documentos\GitHub\Trab-Farmacia\system\Database\BaseConnection.php(421): CodeIgniter\Database\MySQLi\Connection->connect(false)
#2 C:\Users\artur\OneDrive\Documentos\GitHub\Trab-Farmacia\system\Database\BaseConnection.php(616): CodeIgniter\Database\BaseConnection->initialize()
#3 C:\Users\artur\OneDrive\Documentos\GitHub\Trab-Farmacia\system\Database\BaseBuilder.php(2332): CodeIgniter\Database\BaseConnection->query('INSERT INTO `re...', Array, false)
#4 C:\Users\artur\OneDrive\Documentos\GitHub\Trab-Farmacia\system\Model.php(394): CodeIgniter\Database\BaseBuilder->insert()
#5 C:\Users\artur\OneDrive\Documentos\GitHub\Trab-Farmacia\system\BaseModel.php(840): CodeIgniter\Model->doInsert(Array)
#6 C:\Users\artur\OneDrive\Documentos\GitHub\Trab-Farmacia\system\Model.php(802): CodeIgniter\BaseModel->insert(Array, true)
#7 C:\Users\artur\OneDrive\Documentos\GitHub\Trab-Farmacia\app\Controllers\Home.php(26): CodeIgniter\Model->insert(Array)
#8 C:\Users\artur\OneDrive\Documentos\GitHub\Trab-Farmacia\system\CodeIgniter.php(933): App\Controllers\Home->recebaDados()
#9 C:\Users\artur\OneDrive\Documentos\GitHub\Trab-Farmacia\system\CodeIgniter.php(509): CodeIgniter\CodeIgniter->runController(Object(App\Controllers\Home))
#10 C:\Users\artur\OneDrive\Documentos\GitHub\Trab-Farmacia\system\CodeIgniter.php(355): CodeIgniter\CodeIgniter->handleRequest(NULL, Object(Config\Cache), false)
#11 C:\Users\artur\OneDrive\Documentos\GitHub\Trab-Farmacia\system\Boot.php(325): CodeIgniter\CodeIgniter->run()
#12 C:\Users\artur\OneDrive\Documentos\GitHub\Trab-Farmacia\system\Boot.php(67): CodeIgniter\Boot::runCodeIgniter(Object(CodeIgniter\CodeIgniter))
#13 C:\Users\artur\OneDrive\Documentos\GitHub\Trab-Farmacia\public\index.php(56): CodeIgniter\Boot::bootWeb(Object(Config\Paths))
#14 C:\Users\artur\OneDrive\Documentos\GitHub\Trab-Farmacia\system\rewrite.php(44): require_once('C:\\Users\\artur\\...')
#15 {main}

Next CodeIgniter\Database\Exceptions\DatabaseException: Access denied for user '****'@'localhost' (using password: YES) in C:\Users\artur\OneDrive\Documentos\GitHub\Trab-Farmacia\system\Database\MySQLi\Connection.php:231
Stack trace:
#0 C:\Users\artur\OneDrive\Documentos\GitHub\Trab-Farmacia\system\Database\BaseConnection.php(421): CodeIgniter\Database\MySQLi\Connection->connect(false)
#1 C:\Users\artur\OneDrive\Documentos\GitHub\Trab-Farmacia\system\Database\BaseConnection.php(616): CodeIgniter\Database\BaseConnection->initialize()
#2 C:\Users\artur\OneDrive\Documentos\GitHub\Trab-Farmacia\system\Database\BaseBuilder.php(2332): CodeIgniter\Database\BaseConnection->query('INSERT INTO `re...', Array, false)
#3 C:\Users\artur\OneDrive\Documentos\GitHub\Trab-Farmacia\system\Model.php(394): CodeIgniter\Database\BaseBuilder->insert()
#4 C:\Users\artur\OneDrive\Documentos\GitHub\Trab-Farmacia\system\BaseModel.php(840): CodeIgniter\Model->doInsert(Array)
#5 C:\Users\artur\OneDrive\Documentos\GitHub\Trab-Farmacia\system\Model.php(802): CodeIgniter\BaseModel->insert(Array, true)
#6 C:\Users\artur\OneDrive\Documentos\GitHub\Trab-Farmacia\app\Controllers\Home.php(26): CodeIgniter\Model->insert(Array)
#7 C:\Users\artur\OneDrive\Documentos\GitHub\Trab-Farmacia\system\CodeIgniter.php(933): App\Controllers\Home->recebaDados()
#8 C:\Users\artur\OneDrive\Documentos\GitHub\Trab-Farmacia\system\CodeIgniter.php(509): CodeIgniter\CodeIgniter->runController(Object(App\Controllers\Home))
#9 C:\Users\artur\OneDrive\Documentos\GitHub\Trab-Farmacia\system\CodeIgniter.php(355): CodeIgniter\CodeIgniter->handleRequest(NULL, Object(Config\Cache), false)
#10 C:\Users\artur\OneDrive\Documentos\GitHub\Trab-Farmacia\system\Boot.php(325): CodeIgniter\CodeIgniter->run()
#11 C:\Users\artur\OneDrive\Documentos\GitHub\Trab-Farmacia\system\Boot.php(67): CodeIgniter\Boot::runCodeIgniter(Object(CodeIgniter\CodeIgniter))
#12 C:\Users\artur\OneDrive\Documentos\GitHub\Trab-Farmacia\public\index.php(56): CodeIgniter\Boot::bootWeb(Object(Config\Paths))
#13 C:\Users\artur\OneDrive\Documentos\GitHub\Trab-Farmacia\system\rewrite.php(44): require_once('C:\\Users\\artur\\...')
#14 {main}
CRITICAL - 2024-08-06 23:17:55 --> CodeIgniter\Database\Exceptions\DatabaseException: Unable to connect to the database.
Main connection [MySQLi]: Access denied for user '****'@'localhost' (using password: YES)
[Method: POST, Route: recebaDados]
in SYSTEMPATH\Database\BaseConnection.php on line 467.
 1 SYSTEMPATH\Database\BaseConnection.php(616): CodeIgniter\Database\BaseConnection->initialize()
 2 SYSTEMPATH\Database\BaseBuilder.php(2332): CodeIgniter\Database\BaseConnection->query('INSERT INTO `remedios` (`nome`, `laboratorio`, `preco`, `quantidade`) VALUES (:nome:, :laboratorio:, :preco:, :quantidade:)', [...], false)
 3 SYSTEMPATH\Model.php(394): CodeIgniter\Database\BaseBuilder->insert()
 4 SYSTEMPATH\BaseModel.php(840): CodeIgniter\Model->doInsert([...])
 5 SYSTEMPATH\Model.php(802): CodeIgniter\BaseModel->insert([...], true)
 6 APPPATH\Controllers\Home.php(26): CodeIgniter\Model->insert([...])
 7 SYSTEMPATH\CodeIgniter.php(933): App\Controllers\Home->recebaDados()
 8 SYSTEMPATH\CodeIgniter.php(509): CodeIgniter\CodeIgniter->runController(Object(App\Controllers\Home))
 9 SYSTEMPATH\CodeIgniter.php(355): CodeIgniter\CodeIgniter->handleRequest(null, Object(Config\Cache), false)
10 SYSTEMPATH\Boot.php(325): CodeIgniter\CodeIgniter->run()
11 SYSTEMPATH\Boot.php(67): CodeIgniter\Boot::runCodeIgniter(Object(CodeIgniter\CodeIgniter))
12 FCPATH\index.php(56): CodeIgniter\Boot::bootWeb(Object(Config\Paths))
13 SYSTEMPATH\rewrite.php(44): require_once('C:\\Users\\artur\\OneDrive\\Documentos\\GitHub\\Trab-Farmacia\\public\\index.php')
ERROR - 2024-08-06 23:18:11 --> Error connecting to the database: mysqli_sql_exception: Access denied for user 'root'@'localhost' (using password: YES) in C:\Users\artur\OneDrive\Documentos\GitHub\Trab-Farmacia\system\Database\MySQLi\Connection.php:186
Stack trace:
#0 C:\Users\artur\OneDrive\Documentos\GitHub\Trab-Farmacia\system\Database\MySQLi\Connection.php(186): mysqli->real_connect('127.0.0.1', 'root', Object(SensitiveParameterValue), 'farmacia', 3306, '', 0)
#1 C:\Users\artur\OneDrive\Documentos\GitHub\Trab-Farmacia\system\Database\BaseConnection.php(421): CodeIgniter\Database\MySQLi\Connection->connect(false)
#2 C:\Users\artur\OneDrive\Documentos\GitHub\Trab-Farmacia\system\Database\BaseConnection.php(616): CodeIgniter\Database\BaseConnection->initialize()
#3 C:\Users\artur\OneDrive\Documentos\GitHub\Trab-Farmacia\system\Database\BaseBuilder.php(2332): CodeIgniter\Database\BaseConnection->query('INSERT INTO `re...', Array, false)
#4 C:\Users\artur\OneDrive\Documentos\GitHub\Trab-Farmacia\system\Model.php(394): CodeIgniter\Database\BaseBuilder->insert()
#5 C:\Users\artur\OneDrive\Documentos\GitHub\Trab-Farmacia\system\BaseModel.php(840): CodeIgniter\Model->doInsert(Array)
#6 C:\Users\artur\OneDrive\Documentos\GitHub\Trab-Farmacia\system\Model.php(802): CodeIgniter\BaseModel->insert(Array, true)
#7 C:\Users\artur\OneDrive\Documentos\GitHub\Trab-Farmacia\app\Controllers\Home.php(26): CodeIgniter\Model->insert(Array)
#8 C:\Users\artur\OneDrive\Documentos\GitHub\Trab-Farmacia\system\CodeIgniter.php(933): App\Controllers\Home->recebaDados()
#9 C:\Users\artur\OneDrive\Documentos\GitHub\Trab-Farmacia\system\CodeIgniter.php(509): CodeIgniter\CodeIgniter->runController(Object(App\Controllers\Home))
#10 C:\Users\artur\OneDrive\Documentos\GitHub\Trab-Farmacia\system\CodeIgniter.php(355): CodeIgniter\CodeIgniter->handleRequest(NULL, Object(Config\Cache), false)
#11 C:\Users\artur\OneDrive\Documentos\GitHub\Trab-Farmacia\system\Boot.php(325): CodeIgniter\CodeIgniter->run()
#12 C:\Users\artur\OneDrive\Documentos\GitHub\Trab-Farmacia\system\Boot.php(67): CodeIgniter\Boot::runCodeIgniter(Object(CodeIgniter\CodeIgniter))
#13 C:\Users\artur\OneDrive\Documentos\GitHub\Trab-Farmacia\public\index.php(56): CodeIgniter\Boot::bootWeb(Object(Config\Paths))
#14 C:\Users\artur\OneDrive\Documentos\GitHub\Trab-Farmacia\system\rewrite.php(44): require_once('C:\\Users\\artur\\...')
#15 {main}

Next CodeIgniter\Database\Exceptions\DatabaseException: Access denied for user '****'@'localhost' (using password: YES) in C:\Users\artur\OneDrive\Documentos\GitHub\Trab-Farmacia\system\Database\MySQLi\Connection.php:231
Stack trace:
#0 C:\Users\artur\OneDrive\Documentos\GitHub\Trab-Farmacia\system\Database\BaseConnection.php(421): CodeIgniter\Database\MySQLi\Connection->connect(false)
#1 C:\Users\artur\OneDrive\Documentos\GitHub\Trab-Farmacia\system\Database\BaseConnection.php(616): CodeIgniter\Database\BaseConnection->initialize()
#2 C:\Users\artur\OneDrive\Documentos\GitHub\Trab-Farmacia\system\Database\BaseBuilder.php(2332): CodeIgniter\Database\BaseConnection->query('INSERT INTO `re...', Array, false)
#3 C:\Users\artur\OneDrive\Documentos\GitHub\Trab-Farmacia\system\Model.php(394): CodeIgniter\Database\BaseBuilder->insert()
#4 C:\Users\artur\OneDrive\Documentos\GitHub\Trab-Farmacia\system\BaseModel.php(840): CodeIgniter\Model->doInsert(Array)
#5 C:\Users\artur\OneDrive\Documentos\GitHub\Trab-Farmacia\system\Model.php(802): CodeIgniter\BaseModel->insert(Array, true)
#6 C:\Users\artur\OneDrive\Documentos\GitHub\Trab-Farmacia\app\Controllers\Home.php(26): CodeIgniter\Model->insert(Array)
#7 C:\Users\artur\OneDrive\Documentos\GitHub\Trab-Farmacia\system\CodeIgniter.php(933): App\Controllers\Home->recebaDados()
#8 C:\Users\artur\OneDrive\Documentos\GitHub\Trab-Farmacia\system\CodeIgniter.php(509): CodeIgniter\CodeIgniter->runController(Object(App\Controllers\Home))
#9 C:\Users\artur\OneDrive\Documentos\GitHub\Trab-Farmacia\system\CodeIgniter.php(355): CodeIgniter\CodeIgniter->handleRequest(NULL, Object(Config\Cache), false)
#10 C:\Users\artur\OneDrive\Documentos\GitHub\Trab-Farmacia\system\Boot.php(325): CodeIgniter\CodeIgniter->run()
#11 C:\Users\artur\OneDrive\Documentos\GitHub\Trab-Farmacia\system\Boot.php(67): CodeIgniter\Boot::runCodeIgniter(Object(CodeIgniter\CodeIgniter))
#12 C:\Users\artur\OneDrive\Documentos\GitHub\Trab-Farmacia\public\index.php(56): CodeIgniter\Boot::bootWeb(Object(Config\Paths))
#13 C:\Users\artur\OneDrive\Documentos\GitHub\Trab-Farmacia\system\rewrite.php(44): require_once('C:\\Users\\artur\\...')
#14 {main}
CRITICAL - 2024-08-06 23:18:11 --> CodeIgniter\Database\Exceptions\DatabaseException: Unable to connect to the database.
Main connection [MySQLi]: Access denied for user '****'@'localhost' (using password: YES)
[Method: POST, Route: recebaDados]
in SYSTEMPATH\Database\BaseConnection.php on line 467.
 1 SYSTEMPATH\Database\BaseConnection.php(616): CodeIgniter\Database\BaseConnection->initialize()
 2 SYSTEMPATH\Database\BaseBuilder.php(2332): CodeIgniter\Database\BaseConnection->query('INSERT INTO `remedios` (`nome`, `laboratorio`, `preco`, `quantidade`) VALUES (:nome:, :laboratorio:, :preco:, :quantidade:)', [...], false)
 3 SYSTEMPATH\Model.php(394): CodeIgniter\Database\BaseBuilder->insert()
 4 SYSTEMPATH\BaseModel.php(840): CodeIgniter\Model->doInsert([...])
 5 SYSTEMPATH\Model.php(802): CodeIgniter\BaseModel->insert([...], true)
 6 APPPATH\Controllers\Home.php(26): CodeIgniter\Model->insert([...])
 7 SYSTEMPATH\CodeIgniter.php(933): App\Controllers\Home->recebaDados()
 8 SYSTEMPATH\CodeIgniter.php(509): CodeIgniter\CodeIgniter->runController(Object(App\Controllers\Home))
 9 SYSTEMPATH\CodeIgniter.php(355): CodeIgniter\CodeIgniter->handleRequest(null, Object(Config\Cache), false)
10 SYSTEMPATH\Boot.php(325): CodeIgniter\CodeIgniter->run()
11 SYSTEMPATH\Boot.php(67): CodeIgniter\Boot::runCodeIgniter(Object(CodeIgniter\CodeIgniter))
12 FCPATH\index.php(56): CodeIgniter\Boot::bootWeb(Object(Config\Paths))
13 SYSTEMPATH\rewrite.php(44): require_once('C:\\Users\\artur\\OneDrive\\Documentos\\GitHub\\Trab-Farmacia\\public\\index.php')
ERROR - 2024-08-06 23:19:41 --> Error connecting to the database: mysqli_sql_exception: Access denied for user 'root'@'localhost' (using password: YES) in C:\Users\artur\OneDrive\Documentos\GitHub\Trab-Farmacia\system\Database\MySQLi\Connection.php:186
Stack trace:
#0 C:\Users\artur\OneDrive\Documentos\GitHub\Trab-Farmacia\system\Database\MySQLi\Connection.php(186): mysqli->real_connect('localhost', 'root', Object(SensitiveParameterValue), 'farmacia', 3306, '', 0)
#1 C:\Users\artur\OneDrive\Documentos\GitHub\Trab-Farmacia\system\Database\BaseConnection.php(421): CodeIgniter\Database\MySQLi\Connection->connect(false)
#2 C:\Users\artur\OneDrive\Documentos\GitHub\Trab-Farmacia\system\Database\BaseConnection.php(616): CodeIgniter\Database\BaseConnection->initialize()
#3 C:\Users\artur\OneDrive\Documentos\GitHub\Trab-Farmacia\system\Database\BaseBuilder.php(2332): CodeIgniter\Database\BaseConnection->query('INSERT INTO `re...', Array, false)
#4 C:\Users\artur\OneDrive\Documentos\GitHub\Trab-Farmacia\system\Model.php(394): CodeIgniter\Database\BaseBuilder->insert()
#5 C:\Users\artur\OneDrive\Documentos\GitHub\Trab-Farmacia\system\BaseModel.php(840): CodeIgniter\Model->doInsert(Array)
#6 C:\Users\artur\OneDrive\Documentos\GitHub\Trab-Farmacia\system\Model.php(802): CodeIgniter\BaseModel->insert(Array, true)
#7 C:\Users\artur\OneDrive\Documentos\GitHub\Trab-Farmacia\app\Controllers\Home.php(26): CodeIgniter\Model->insert(Array)
#8 C:\Users\artur\OneDrive\Documentos\GitHub\Trab-Farmacia\system\CodeIgniter.php(933): App\Controllers\Home->recebaDados()
#9 C:\Users\artur\OneDrive\Documentos\GitHub\Trab-Farmacia\system\CodeIgniter.php(509): CodeIgniter\CodeIgniter->runController(Object(App\Controllers\Home))
#10 C:\Users\artur\OneDrive\Documentos\GitHub\Trab-Farmacia\system\CodeIgniter.php(355): CodeIgniter\CodeIgniter->handleRequest(NULL, Object(Config\Cache), false)
#11 C:\Users\artur\OneDrive\Documentos\GitHub\Trab-Farmacia\system\Boot.php(325): CodeIgniter\CodeIgniter->run()
#12 C:\Users\artur\OneDrive\Documentos\GitHub\Trab-Farmacia\system\Boot.php(67): CodeIgniter\Boot::runCodeIgniter(Object(CodeIgniter\CodeIgniter))
#13 C:\Users\artur\OneDrive\Documentos\GitHub\Trab-Farmacia\public\index.php(56): CodeIgniter\Boot::bootWeb(Object(Config\Paths))
#14 C:\Users\artur\OneDrive\Documentos\GitHub\Trab-Farmacia\system\rewrite.php(44): require_once('C:\\Users\\artur\\...')
#15 {main}

Next CodeIgniter\Database\Exceptions\DatabaseException: Access denied for user '****'@'localhost' (using password: YES) in C:\Users\artur\OneDrive\Documentos\GitHub\Trab-Farmacia\system\Database\MySQLi\Connection.php:231
Stack trace:
#0 C:\Users\artur\OneDrive\Documentos\GitHub\Trab-Farmacia\system\Database\BaseConnection.php(421): CodeIgniter\Database\MySQLi\Connection->connect(false)
#1 C:\Users\artur\OneDrive\Documentos\GitHub\Trab-Farmacia\system\Database\BaseConnection.php(616): CodeIgniter\Database\BaseConnection->initialize()
#2 C:\Users\artur\OneDrive\Documentos\GitHub\Trab-Farmacia\system\Database\BaseBuilder.php(2332): CodeIgniter\Database\BaseConnection->query('INSERT INTO `re...', Array, false)
#3 C:\Users\artur\OneDrive\Documentos\GitHub\Trab-Farmacia\system\Model.php(394): CodeIgniter\Database\BaseBuilder->insert()
#4 C:\Users\artur\OneDrive\Documentos\GitHub\Trab-Farmacia\system\BaseModel.php(840): CodeIgniter\Model->doInsert(Array)
#5 C:\Users\artur\OneDrive\Documentos\GitHub\Trab-Farmacia\system\Model.php(802): CodeIgniter\BaseModel->insert(Array, true)
#6 C:\Users\artur\OneDrive\Documentos\GitHub\Trab-Farmacia\app\Controllers\Home.php(26): CodeIgniter\Model->insert(Array)
#7 C:\Users\artur\OneDrive\Documentos\GitHub\Trab-Farmacia\system\CodeIgniter.php(933): App\Controllers\Home->recebaDados()
#8 C:\Users\artur\OneDrive\Documentos\GitHub\Trab-Farmacia\system\CodeIgniter.php(509): CodeIgniter\CodeIgniter->runController(Object(App\Controllers\Home))
#9 C:\Users\artur\OneDrive\Documentos\GitHub\Trab-Farmacia\system\CodeIgniter.php(355): CodeIgniter\CodeIgniter->handleRequest(NULL, Object(Config\Cache), false)
#10 C:\Users\artur\OneDrive\Documentos\GitHub\Trab-Farmacia\system\Boot.php(325): CodeIgniter\CodeIgniter->run()
#11 C:\Users\artur\OneDrive\Documentos\GitHub\Trab-Farmacia\system\Boot.php(67): CodeIgniter\Boot::runCodeIgniter(Object(CodeIgniter\CodeIgniter))
#12 C:\Users\artur\OneDrive\Documentos\GitHub\Trab-Farmacia\public\index.php(56): CodeIgniter\Boot::bootWeb(Object(Config\Paths))
#13 C:\Users\artur\OneDrive\Documentos\GitHub\Trab-Farmacia\system\rewrite.php(44): require_once('C:\\Users\\artur\\...')
#14 {main}
CRITICAL - 2024-08-06 23:19:41 --> CodeIgniter\Database\Exceptions\DatabaseException: Unable to connect to the database.
Main connection [MySQLi]: Access denied for user '****'@'localhost' (using password: YES)
[Method: POST, Route: recebaDados]
in SYSTEMPATH\Database\BaseConnection.php on line 467.
 1 SYSTEMPATH\Database\BaseConnection.php(616): CodeIgniter\Database\BaseConnection->initialize()
 2 SYSTEMPATH\Database\BaseBuilder.php(2332): CodeIgniter\Database\BaseConnection->query('INSERT INTO `remedios` (`nome`, `laboratorio`, `preco`, `quantidade`) VALUES (:nome:, :laboratorio:, :preco:, :quantidade:)', [...], false)
 3 SYSTEMPATH\Model.php(394): CodeIgniter\Database\BaseBuilder->insert()
 4 SYSTEMPATH\BaseModel.php(840): CodeIgniter\Model->doInsert([...])
 5 SYSTEMPATH\Model.php(802): CodeIgniter\BaseModel->insert([...], true)
 6 APPPATH\Controllers\Home.php(26): CodeIgniter\Model->insert([...])
 7 SYSTEMPATH\CodeIgniter.php(933): App\Controllers\Home->recebaDados()
 8 SYSTEMPATH\CodeIgniter.php(509): CodeIgniter\CodeIgniter->runController(Object(App\Controllers\Home))
 9 SYSTEMPATH\CodeIgniter.php(355): CodeIgniter\CodeIgniter->handleRequest(null, Object(Config\Cache), false)
10 SYSTEMPATH\Boot.php(325): CodeIgniter\CodeIgniter->run()
11 SYSTEMPATH\Boot.php(67): CodeIgniter\Boot::runCodeIgniter(Object(CodeIgniter\CodeIgniter))
12 FCPATH\index.php(56): CodeIgniter\Boot::bootWeb(Object(Config\Paths))
13 SYSTEMPATH\rewrite.php(44): require_once('C:\\Users\\artur\\OneDrive\\Documentos\\GitHub\\Trab-Farmacia\\public\\index.php')
ERROR - 2024-08-06 23:19:58 --> Error connecting to the database: mysqli_sql_exception: Access denied for user 'root'@'localhost' (using password: YES) in C:\Users\artur\OneDrive\Documentos\GitHub\Trab-Farmacia\system\Database\MySQLi\Connection.php:186
Stack trace:
#0 C:\Users\artur\OneDrive\Documentos\GitHub\Trab-Farmacia\system\Database\MySQLi\Connection.php(186): mysqli->real_connect('127.0.0.1', 'root', Object(SensitiveParameterValue), 'farmacia', 3306, '', 0)
#1 C:\Users\artur\OneDrive\Documentos\GitHub\Trab-Farmacia\system\Database\BaseConnection.php(421): CodeIgniter\Database\MySQLi\Connection->connect(false)
#2 C:\Users\artur\OneDrive\Documentos\GitHub\Trab-Farmacia\system\Database\BaseConnection.php(616): CodeIgniter\Database\BaseConnection->initialize()
#3 C:\Users\artur\OneDrive\Documentos\GitHub\Trab-Farmacia\system\Database\BaseBuilder.php(2332): CodeIgniter\Database\BaseConnection->query('INSERT INTO `re...', Array, false)
#4 C:\Users\artur\OneDrive\Documentos\GitHub\Trab-Farmacia\system\Model.php(394): CodeIgniter\Database\BaseBuilder->insert()
#5 C:\Users\artur\OneDrive\Documentos\GitHub\Trab-Farmacia\system\BaseModel.php(840): CodeIgniter\Model->doInsert(Array)
#6 C:\Users\artur\OneDrive\Documentos\GitHub\Trab-Farmacia\system\Model.php(802): CodeIgniter\BaseModel->insert(Array, true)
#7 C:\Users\artur\OneDrive\Documentos\GitHub\Trab-Farmacia\app\Controllers\Home.php(26): CodeIgniter\Model->insert(Array)
#8 C:\Users\artur\OneDrive\Documentos\GitHub\Trab-Farmacia\system\CodeIgniter.php(933): App\Controllers\Home->recebaDados()
#9 C:\Users\artur\OneDrive\Documentos\GitHub\Trab-Farmacia\system\CodeIgniter.php(509): CodeIgniter\CodeIgniter->runController(Object(App\Controllers\Home))
#10 C:\Users\artur\OneDrive\Documentos\GitHub\Trab-Farmacia\system\CodeIgniter.php(355): CodeIgniter\CodeIgniter->handleRequest(NULL, Object(Config\Cache), false)
#11 C:\Users\artur\OneDrive\Documentos\GitHub\Trab-Farmacia\system\Boot.php(325): CodeIgniter\CodeIgniter->run()
#12 C:\Users\artur\OneDrive\Documentos\GitHub\Trab-Farmacia\system\Boot.php(67): CodeIgniter\Boot::runCodeIgniter(Object(CodeIgniter\CodeIgniter))
#13 C:\Users\artur\OneDrive\Documentos\GitHub\Trab-Farmacia\public\index.php(56): CodeIgniter\Boot::bootWeb(Object(Config\Paths))
#14 C:\Users\artur\OneDrive\Documentos\GitHub\Trab-Farmacia\system\rewrite.php(44): require_once('C:\\Users\\artur\\...')
#15 {main}

Next CodeIgniter\Database\Exceptions\DatabaseException: Access denied for user '****'@'localhost' (using password: YES) in C:\Users\artur\OneDrive\Documentos\GitHub\Trab-Farmacia\system\Database\MySQLi\Connection.php:231
Stack trace:
#0 C:\Users\artur\OneDrive\Documentos\GitHub\Trab-Farmacia\system\Database\BaseConnection.php(421): CodeIgniter\Database\MySQLi\Connection->connect(false)
#1 C:\Users\artur\OneDrive\Documentos\GitHub\Trab-Farmacia\system\Database\BaseConnection.php(616): CodeIgniter\Database\BaseConnection->initialize()
#2 C:\Users\artur\OneDrive\Documentos\GitHub\Trab-Farmacia\system\Database\BaseBuilder.php(2332): CodeIgniter\Database\BaseConnection->query('INSERT INTO `re...', Array, false)
#3 C:\Users\artur\OneDrive\Documentos\GitHub\Trab-Farmacia\system\Model.php(394): CodeIgniter\Database\BaseBuilder->insert()
#4 C:\Users\artur\OneDrive\Documentos\GitHub\Trab-Farmacia\system\BaseModel.php(840): CodeIgniter\Model->doInsert(Array)
#5 C:\Users\artur\OneDrive\Documentos\GitHub\Trab-Farmacia\system\Model.php(802): CodeIgniter\BaseModel->insert(Array, true)
#6 C:\Users\artur\OneDrive\Documentos\GitHub\Trab-Farmacia\app\Controllers\Home.php(26): CodeIgniter\Model->insert(Array)
#7 C:\Users\artur\OneDrive\Documentos\GitHub\Trab-Farmacia\system\CodeIgniter.php(933): App\Controllers\Home->recebaDados()
#8 C:\Users\artur\OneDrive\Documentos\GitHub\Trab-Farmacia\system\CodeIgniter.php(509): CodeIgniter\CodeIgniter->runController(Object(App\Controllers\Home))
#9 C:\Users\artur\OneDrive\Documentos\GitHub\Trab-Farmacia\system\CodeIgniter.php(355): CodeIgniter\CodeIgniter->handleRequest(NULL, Object(Config\Cache), false)
#10 C:\Users\artur\OneDrive\Documentos\GitHub\Trab-Farmacia\system\Boot.php(325): CodeIgniter\CodeIgniter->run()
#11 C:\Users\artur\OneDrive\Documentos\GitHub\Trab-Farmacia\system\Boot.php(67): CodeIgniter\Boot::runCodeIgniter(Object(CodeIgniter\CodeIgniter))
#12 C:\Users\artur\OneDrive\Documentos\GitHub\Trab-Farmacia\public\index.php(56): CodeIgniter\Boot::bootWeb(Object(Config\Paths))
#13 C:\Users\artur\OneDrive\Documentos\GitHub\Trab-Farmacia\system\rewrite.php(44): require_once('C:\\Users\\artur\\...')
#14 {main}
CRITICAL - 2024-08-06 23:19:58 --> CodeIgniter\Database\Exceptions\DatabaseException: Unable to connect to the database.
Main connection [MySQLi]: Access denied for user '****'@'localhost' (using password: YES)
[Method: POST, Route: recebaDados]
in SYSTEMPATH\Database\BaseConnection.php on line 467.
 1 SYSTEMPATH\Database\BaseConnection.php(616): CodeIgniter\Database\BaseConnection->initialize()
 2 SYSTEMPATH\Database\BaseBuilder.php(2332): CodeIgniter\Database\BaseConnection->query('INSERT INTO `remedios` (`nome`, `laboratorio`, `preco`, `quantidade`) VALUES (:nome:, :laboratorio:, :preco:, :quantidade:)', [...], false)
 3 SYSTEMPATH\Model.php(394): CodeIgniter\Database\BaseBuilder->insert()
 4 SYSTEMPATH\BaseModel.php(840): CodeIgniter\Model->doInsert([...])
 5 SYSTEMPATH\Model.php(802): CodeIgniter\BaseModel->insert([...], true)
 6 APPPATH\Controllers\Home.php(26): CodeIgniter\Model->insert([...])
 7 SYSTEMPATH\CodeIgniter.php(933): App\Controllers\Home->recebaDados()
 8 SYSTEMPATH\CodeIgniter.php(509): CodeIgniter\CodeIgniter->runController(Object(App\Controllers\Home))
 9 SYSTEMPATH\CodeIgniter.php(355): CodeIgniter\CodeIgniter->handleRequest(null, Object(Config\Cache), false)
10 SYSTEMPATH\Boot.php(325): CodeIgniter\CodeIgniter->run()
11 SYSTEMPATH\Boot.php(67): CodeIgniter\Boot::runCodeIgniter(Object(CodeIgniter\CodeIgniter))
12 FCPATH\index.php(56): CodeIgniter\Boot::bootWeb(Object(Config\Paths))
13 SYSTEMPATH\rewrite.php(44): require_once('C:\\Users\\artur\\OneDrive\\Documentos\\GitHub\\Trab-Farmacia\\public\\index.php')
